c:\users\trasc\source\repos\qtguiapplication1\qtguiapplication1\x64\debug\dog.obj
c:\users\trasc\source\repos\qtguiapplication1\qtguiapplication1\x64\debug\qrc_qtguiapplication1.obj
c:\users\trasc\source\repos\qtguiapplication1\qtguiapplication1\x64\debug\main.obj
c:\users\trasc\source\repos\qtguiapplication1\qtguiapplication1\x64\debug\adoptionlist.obj
c:\users\trasc\source\repos\qtguiapplication1\qtguiapplication1\x64\debug\controller.obj
c:\users\trasc\source\repos\qtguiapplication1\qtguiapplication1\x64\debug\teste.obj
c:\users\trasc\source\repos\qtguiapplication1\qtguiapplication1\x64\debug\myui.obj
c:\users\trasc\source\repos\qtguiapplication1\qtguiapplication1\x64\debug\repository.obj
c:\users\trasc\source\repos\qtguiapplication1\qtguiapplication1\x64\debug\moc_qtguiapplication1.obj
c:\users\trasc\source\repos\qtguiapplication1\qtguiapplication1\.\generatedfiles\debug\moc_qtguiapplication1.cpp
c:\users\trasc\source\repos\qtguiapplication1\qtguiapplication1\generatedfiles\ui_qtguiapplication1.h
c:\users\trasc\source\repos\qtguiapplication1\qtguiapplication1\generatedfiles\qrc_qtguiapplication1.cpp
c:\users\trasc\source\repos\qtguiapplication1\qtguiapplication1\generatedfiles\debug\moc_qtguiapplication1.cpp
c:\users\trasc\source\repos\qtguiapplication1\qtguiapplication1\.\generatedfiles\qrc_qtguiapplication1.cpp
c:\users\trasc\source\repos\qtguiapplication1\qtguiapplication1\.\generatedfiles\ui_qtguiapplication1.h
c:\users\trasc\source\repos\qtguiapplication1\qtguiapplication1\x64\debug\vc141.pdb
c:\users\trasc\source\repos\qtguiapplication1\qtguiapplication1\x64\debug\qtguiapp.b12702ad.tlog\cl.11900.write.1.tlog
c:\users\trasc\source\repos\qtguiapplication1\qtguiapplication1\x64\debug\qtguiapp.b12702ad.tlog\cl.command.1.tlog
c:\users\trasc\source\repos\qtguiapplication1\qtguiapplication1\x64\debug\qtguiapp.b12702ad.tlog\cl.read.1.tlog
c:\users\trasc\source\repos\qtguiapplication1\qtguiapplication1\x64\debug\qtguiapp.b12702ad.tlog\moc.read.1u.tlog
c:\users\trasc\source\repos\qtguiapplication1\qtguiapplication1\x64\debug\qtguiapp.b12702ad.tlog\moc.write.1u.tlog
c:\users\trasc\source\repos\qtguiapplication1\qtguiapplication1\x64\debug\qtguiapp.b12702ad.tlog\qtguiapplication1.write.1u.tlog
c:\users\trasc\source\repos\qtguiapplication1\qtguiapplication1\x64\debug\qtguiapp.b12702ad.tlog\rcc.read.1u.tlog
c:\users\trasc\source\repos\qtguiapplication1\qtguiapplication1\x64\debug\qtguiapp.b12702ad.tlog\rcc.write.1u.tlog
c:\users\trasc\source\repos\qtguiapplication1\qtguiapplication1\x64\debug\qtguiapp.b12702ad.tlog\uic.read.1u.tlog
c:\users\trasc\source\repos\qtguiapplication1\qtguiapplication1\x64\debug\qtguiapp.b12702ad.tlog\uic.write.1u.tlog
